<?xml version="1.0" encoding="UTF-8"?>
<!-- Generated by org.testng.reporters.JUnitReportReporter -->
<testsuite hostname="Narsimulu" failures="0" tests="3" name="testNG_Practice.Priority_Program" time="0.027" errors="0" timestamp="2023-03-01T11:00:07 IST" skipped="0">
  <testcase classname="testNG_Practice.Priority_Program" name="deleteuser" time="0.022"/>
  <system-out/>
  <testcase classname="testNG_Practice.Priority_Program" name="modifyuser" time="0.003"/>
  <system-out/>
  <testcase classname="testNG_Practice.Priority_Program" name="createuser" time="0.002"/>
  <system-out/>
</testsuite> <!-- testNG_Practice.Priority_Program -->
