<?xml version="1.0" encoding="UTF-8"?>
<!-- Generated by org.testng.reporters.JUnitReportReporter -->
<testsuite hostname="Narsimulu" failures="0" tests="1" name="testNG_Practice.FirstTestScript" time="32.470" errors="0" timestamp="2023-02-28T21:49:33 IST" skipped="0">
  <testcase classname="testNG_Practice.FirstTestScript" name="orangeHrm" time="32.470"/>
  <system-out/>
</testsuite> <!-- testNG_Practice.FirstTestScript -->
