<?xml version="1.0" encoding="UTF-8"?>
<!-- Generated by org.testng.reporters.JUnitReportReporter -->
<testsuite hostname="Narsimulu" failures="0" tests="8" name="testNG_Practice.Dependency_On_Groups" time="0.081" errors="0" timestamp="2023-03-12T19:46:49 IST" skipped="0">
  <testcase classname="testNG_Practice.Dependency_On_Groups" name="test6" time="0.003"/>
  <system-out/>
  <testcase classname="testNG_Practice.Dependency_On_Groups" name="test1" time="0.039"/>
  <system-out/>
  <testcase classname="testNG_Practice.Dependency_On_Groups" name="test0" time="0.020"/>
  <system-out/>
  <testcase classname="testNG_Practice.Dependency_On_Groups" name="test3" time="0.004"/>
  <system-out/>
  <testcase classname="testNG_Practice.Dependency_On_Groups" name="test4" time="0.005"/>
  <system-out/>
  <testcase classname="testNG_Practice.Dependency_On_Groups" name="test2" time="0.002"/>
  <system-out/>
  <testcase classname="testNG_Practice.Dependency_On_Groups" name="test7" time="0.004"/>
  <system-out/>
  <testcase classname="testNG_Practice.Dependency_On_Groups" name="test5" time="0.004"/>
  <system-out/>
</testsuite> <!-- testNG_Practice.Dependency_On_Groups -->
